mode: set
github.com/short-d/short/backend/app/adapter/gqlapi/resolver/resolver.go:26.12,38.2 1 0
github.com/short-d/short/backend/app/adapter/gqlapi/resolver/shortlink.go:14.36,16.2 1 1
github.com/short-d/short/backend/app/adapter/gqlapi/resolver/shortlink.go:19.39,21.2 1 1
github.com/short-d/short/backend/app/adapter/gqlapi/resolver/shortlink.go:24.44,25.33 1 1
github.com/short-d/short/backend/app/adapter/gqlapi/resolver/shortlink.go:29.2,29.50 1 1
github.com/short-d/short/backend/app/adapter/gqlapi/resolver/shortlink.go:25.33,27.3 1 1
github.com/short-d/short/backend/app/adapter/gqlapi/resolver/shortlink.go:32.57,34.2 1 1
github.com/short-d/short/backend/app/adapter/gqlapi/resolver/authmutation.go:33.41,35.2 1 0
github.com/short-d/short/backend/app/adapter/gqlapi/resolver/authmutation.go:38.44,39.23 1 0
github.com/short-d/short/backend/app/adapter/gqlapi/resolver/authmutation.go:42.2,42.20 1 0
github.com/short-d/short/backend/app/adapter/gqlapi/resolver/authmutation.go:39.23,41.3 1 0
github.com/short-d/short/backend/app/adapter/gqlapi/resolver/authmutation.go:46.47,47.26 1 0
github.com/short-d/short/backend/app/adapter/gqlapi/resolver/authmutation.go:50.2,50.23 1 0
github.com/short-d/short/backend/app/adapter/gqlapi/resolver/authmutation.go:47.26,49.3 1 0
github.com/short-d/short/backend/app/adapter/gqlapi/resolver/authmutation.go:54.59,55.17 1 0
github.com/short-d/short/backend/app/adapter/gqlapi/resolver/authmutation.go:59.2,63.3 1 0
github.com/short-d/short/backend/app/adapter/gqlapi/resolver/authmutation.go:55.17,57.3 1 0
github.com/short-d/short/backend/app/adapter/gqlapi/resolver/authmutation.go:74.86,76.16 2 0
github.com/short-d/short/backend/app/adapter/gqlapi/resolver/authmutation.go:80.2,90.16 6 0
github.com/short-d/short/backend/app/adapter/gqlapi/resolver/authmutation.go:94.2,100.25 2 0
github.com/short-d/short/backend/app/adapter/gqlapi/resolver/authmutation.go:103.2,103.24 1 0
github.com/short-d/short/backend/app/adapter/gqlapi/resolver/authmutation.go:106.2,106.24 1 0
github.com/short-d/short/backend/app/adapter/gqlapi/resolver/authmutation.go:109.2,109.24 1 0
github.com/short-d/short/backend/app/adapter/gqlapi/resolver/authmutation.go:112.2,112.26 1 0
github.com/short-d/short/backend/app/adapter/gqlapi/resolver/authmutation.go:76.16,78.3 1 0
github.com/short-d/short/backend/app/adapter/gqlapi/resolver/authmutation.go:90.16,92.3 1 0
github.com/short-d/short/backend/app/adapter/gqlapi/resolver/authmutation.go:100.25,102.3 1 0
github.com/short-d/short/backend/app/adapter/gqlapi/resolver/authmutation.go:103.24,105.3 1 0
github.com/short-d/short/backend/app/adapter/gqlapi/resolver/authmutation.go:106.24,108.3 1 0
github.com/short-d/short/backend/app/adapter/gqlapi/resolver/authmutation.go:109.24,111.3 1 0
github.com/short-d/short/backend/app/adapter/gqlapi/resolver/authmutation.go:122.86,124.16 2 0
github.com/short-d/short/backend/app/adapter/gqlapi/resolver/authmutation.go:128.2,129.19 2 0
github.com/short-d/short/backend/app/adapter/gqlapi/resolver/authmutation.go:133.2,134.16 2 0
github.com/short-d/short/backend/app/adapter/gqlapi/resolver/authmutation.go:138.2,138.49 1 0
github.com/short-d/short/backend/app/adapter/gqlapi/resolver/authmutation.go:124.16,126.3 1 0
github.com/short-d/short/backend/app/adapter/gqlapi/resolver/authmutation.go:129.19,131.3 1 0
github.com/short-d/short/backend/app/adapter/gqlapi/resolver/authmutation.go:134.16,136.3 1 0
github.com/short-d/short/backend/app/adapter/gqlapi/resolver/authmutation.go:153.77,155.16 2 0
github.com/short-d/short/backend/app/adapter/gqlapi/resolver/authmutation.go:159.2,160.16 2 0
github.com/short-d/short/backend/app/adapter/gqlapi/resolver/authmutation.go:165.2,168.24 2 0
github.com/short-d/short/backend/app/adapter/gqlapi/resolver/authmutation.go:171.2,171.26 1 0
github.com/short-d/short/backend/app/adapter/gqlapi/resolver/authmutation.go:155.16,157.3 1 0
github.com/short-d/short/backend/app/adapter/gqlapi/resolver/authmutation.go:160.16,163.3 2 0
github.com/short-d/short/backend/app/adapter/gqlapi/resolver/authmutation.go:168.24,170.3 1 0
github.com/short-d/short/backend/app/adapter/gqlapi/resolver/authmutation.go:180.77,182.16 2 0
github.com/short-d/short/backend/app/adapter/gqlapi/resolver/authmutation.go:186.2,187.16 2 0
github.com/short-d/short/backend/app/adapter/gqlapi/resolver/authmutation.go:191.2,194.24 2 0
github.com/short-d/short/backend/app/adapter/gqlapi/resolver/authmutation.go:197.2,197.26 1 0
github.com/short-d/short/backend/app/adapter/gqlapi/resolver/authmutation.go:182.16,184.3 1 0
github.com/short-d/short/backend/app/adapter/gqlapi/resolver/authmutation.go:187.16,189.3 1 0
github.com/short-d/short/backend/app/adapter/gqlapi/resolver/authmutation.go:194.24,196.3 1 0
github.com/short-d/short/backend/app/adapter/gqlapi/resolver/authmutation.go:207.77,209.16 2 0
github.com/short-d/short/backend/app/adapter/gqlapi/resolver/authmutation.go:213.2,219.16 2 0
github.com/short-d/short/backend/app/adapter/gqlapi/resolver/authmutation.go:224.2,227.24 2 0
github.com/short-d/short/backend/app/adapter/gqlapi/resolver/authmutation.go:230.2,230.26 1 0
github.com/short-d/short/backend/app/adapter/gqlapi/resolver/authmutation.go:209.16,211.3 1 0
github.com/short-d/short/backend/app/adapter/gqlapi/resolver/authmutation.go:219.16,222.3 2 0
github.com/short-d/short/backend/app/adapter/gqlapi/resolver/authmutation.go:227.24,229.3 1 0
github.com/short-d/short/backend/app/adapter/gqlapi/resolver/authmutation.go:234.60,236.16 2 0
github.com/short-d/short/backend/app/adapter/gqlapi/resolver/authmutation.go:240.2,241.45 2 0
github.com/short-d/short/backend/app/adapter/gqlapi/resolver/authmutation.go:236.16,238.3 1 0
github.com/short-d/short/backend/app/adapter/gqlapi/resolver/authmutation.go:250.16,258.2 1 0
github.com/short-d/short/backend/app/adapter/gqlapi/resolver/error.go:33.57,37.2 1 0
github.com/short-d/short/backend/app/adapter/gqlapi/resolver/error.go:40.36,42.2 1 0
github.com/short-d/short/backend/app/adapter/gqlapi/resolver/error.go:51.60,56.2 1 0
github.com/short-d/short/backend/app/adapter/gqlapi/resolver/error.go:59.39,61.2 1 0
github.com/short-d/short/backend/app/adapter/gqlapi/resolver/error.go:70.58,74.2 1 0
github.com/short-d/short/backend/app/adapter/gqlapi/resolver/error.go:77.37,79.2 1 0
github.com/short-d/short/backend/app/adapter/gqlapi/resolver/error.go:91.65,97.2 1 0
github.com/short-d/short/backend/app/adapter/gqlapi/resolver/error.go:100.44,102.2 1 0
github.com/short-d/short/backend/app/adapter/gqlapi/resolver/error.go:115.68,121.2 1 0
github.com/short-d/short/backend/app/adapter/gqlapi/resolver/error.go:124.47,126.2 1 0
github.com/short-d/short/backend/app/adapter/gqlapi/resolver/error.go:135.66,139.2 1 0
github.com/short-d/short/backend/app/adapter/gqlapi/resolver/error.go:142.45,144.2 1 0
github.com/short-d/short/backend/app/adapter/gqlapi/resolver/error.go:153.66,158.2 1 0
github.com/short-d/short/backend/app/adapter/gqlapi/resolver/error.go:161.45,163.2 1 0
github.com/short-d/short/backend/app/adapter/gqlapi/resolver/error.go:172.68,177.2 1 0
github.com/short-d/short/backend/app/adapter/gqlapi/resolver/error.go:180.47,182.2 1 0
github.com/short-d/short/backend/app/adapter/gqlapi/resolver/mutation.go:28.79,31.16 2 0
github.com/short-d/short/backend/app/adapter/gqlapi/resolver/mutation.go:35.2,35.14 1 0
github.com/short-d/short/backend/app/adapter/gqlapi/resolver/mutation.go:39.2,46.27 2 0
github.com/short-d/short/backend/app/adapter/gqlapi/resolver/mutation.go:31.16,33.3 1 0
github.com/short-d/short/backend/app/adapter/gqlapi/resolver/mutation.go:35.14,37.3 1 0
github.com/short-d/short/backend/app/adapter/gqlapi/resolver/mutation.go:56.12,65.2 1 0
github.com/short-d/short/backend/app/adapter/gqlapi/resolver/query.go:24.67,27.2 2 1
github.com/short-d/short/backend/app/adapter/gqlapi/resolver/query.go:34.9,41.2 1 1
github.com/short-d/short/backend/app/adapter/gqlapi/resolver/authquery.go:29.71,31.29 2 1
github.com/short-d/short/backend/app/adapter/gqlapi/resolver/authquery.go:35.2,36.16 2 1
github.com/short-d/short/backend/app/adapter/gqlapi/resolver/authquery.go:39.2,39.38 1 1
github.com/short-d/short/backend/app/adapter/gqlapi/resolver/authquery.go:31.29,33.3 1 1
github.com/short-d/short/backend/app/adapter/gqlapi/resolver/authquery.go:36.16,38.3 1 1
github.com/short-d/short/backend/app/adapter/gqlapi/resolver/authquery.go:43.51,45.16 2 1
github.com/short-d/short/backend/app/adapter/gqlapi/resolver/authquery.go:49.2,50.16 2 1
github.com/short-d/short/backend/app/adapter/gqlapi/resolver/authquery.go:54.2,55.51 2 1
github.com/short-d/short/backend/app/adapter/gqlapi/resolver/authquery.go:45.16,47.3 1 0
github.com/short-d/short/backend/app/adapter/gqlapi/resolver/authquery.go:50.16,52.3 1 0
github.com/short-d/short/backend/app/adapter/gqlapi/resolver/authquery.go:59.51,61.16 2 1
github.com/short-d/short/backend/app/adapter/gqlapi/resolver/authquery.go:65.2,66.16 2 1
github.com/short-d/short/backend/app/adapter/gqlapi/resolver/authquery.go:70.2,71.33 2 1
github.com/short-d/short/backend/app/adapter/gqlapi/resolver/authquery.go:75.2,75.24 1 1
github.com/short-d/short/backend/app/adapter/gqlapi/resolver/authquery.go:61.16,63.3 1 0
github.com/short-d/short/backend/app/adapter/gqlapi/resolver/authquery.go:66.16,68.3 1 0
github.com/short-d/short/backend/app/adapter/gqlapi/resolver/authquery.go:71.33,73.3 1 1
github.com/short-d/short/backend/app/adapter/gqlapi/resolver/authquery.go:79.54,81.16 2 0
github.com/short-d/short/backend/app/adapter/gqlapi/resolver/authquery.go:85.2,86.16 2 0
github.com/short-d/short/backend/app/adapter/gqlapi/resolver/authquery.go:90.2,91.31 2 0
github.com/short-d/short/backend/app/adapter/gqlapi/resolver/authquery.go:95.2,95.27 1 0
github.com/short-d/short/backend/app/adapter/gqlapi/resolver/authquery.go:81.16,83.3 1 0
github.com/short-d/short/backend/app/adapter/gqlapi/resolver/authquery.go:86.16,88.3 1 0
github.com/short-d/short/backend/app/adapter/gqlapi/resolver/authquery.go:91.31,93.3 1 0
github.com/short-d/short/backend/app/adapter/gqlapi/resolver/authquery.go:103.13,110.2 1 1
github.com/short-d/short/backend/app/adapter/gqlapi/resolver/change.go:14.29,16.2 1 0
github.com/short-d/short/backend/app/adapter/gqlapi/resolver/change.go:19.32,21.2 1 0
github.com/short-d/short/backend/app/adapter/gqlapi/resolver/change.go:24.43,26.2 1 0
github.com/short-d/short/backend/app/adapter/gqlapi/resolver/change.go:29.42,31.2 1 0
github.com/short-d/short/backend/app/adapter/gqlapi/resolver/change.go:33.45,35.2 1 1
github.com/short-d/short/backend/app/adapter/gqlapi/resolver/changelog.go:17.39,19.2 1 1
github.com/short-d/short/backend/app/adapter/gqlapi/resolver/changelog.go:22.48,23.27 1 0
github.com/short-d/short/backend/app/adapter/gqlapi/resolver/changelog.go:26.2,26.44 1 0
github.com/short-d/short/backend/app/adapter/gqlapi/resolver/changelog.go:23.27,25.3 1 0
github.com/short-d/short/backend/app/adapter/gqlapi/resolver/changelog.go:29.81,31.30 2 1
github.com/short-d/short/backend/app/adapter/gqlapi/resolver/changelog.go:35.2,35.66 1 1
github.com/short-d/short/backend/app/adapter/gqlapi/resolver/changelog.go:31.30,33.3 1 1
github.com/short-d/short/backend/app/adapter/gqlapi/resolver/viewer.go:10.87,11.22 1 1
github.com/short-d/short/backend/app/adapter/gqlapi/resolver/viewer.go:15.2,15.33 1 1
github.com/short-d/short/backend/app/adapter/gqlapi/resolver/viewer.go:11.22,13.3 1 0
